<?xml version="1.0" encoding="UTF-8"?>
<testsuite xmlns:xsi="http://www.w3.org/2001/XMLSchema-instance" xsi:noNamespaceSchemaLocation="https://maven.apache.org/surefire/maven-surefire-plugin/xsd/surefire-test-report.xsd" version="3.0.2" name="uk.ac.ed.acp.cw1.integration.ServiceControllerTests" time="3.909" tests="84" errors="0" skipped="0" failures="0">
  <properties>
[...]
</properties>
  <testcase name="testNextPosition_nullAngle" classname="uk.ac.ed.acp.cw1.integration.ServiceControllerTests" time="0.104">
    <system-out><![CDATA[18:49:42.730 [main] INFO org.springframework.test.context.support.AnnotationConfigContextLoaderUtils -- Could not detect default configuration classes for test class [uk.ac.ed.acp.cw1.integration.ServiceControllerTests]: ServiceControllerTests does not declare any static, non-private, non-final, nested classes annotated with @Configuration.
18:49:42.789 [main] INFO org.springframework.boot.test.context.SpringBootTestContextBootstrapper -- Found @SpringBootConfiguration uk.ac.ed.acp.cw1.Application for test class uk.ac.ed.acp.cw1.integration.ServiceControllerTests

  .   ____          _            __ _ _
 /\\ / ___'_ __ _ _(_)_ __  __ _ \ \ \ \
( ( )\___ | '_ | '_| | '_ \/ _` | \ \ \ \
 \\/  ___)| |_)| | | | | || (_| |  ) ) ) )
  '  |____| .__|_| |_|_| |_\__, | / / / /
 =========|_|==============|___/=/_/_/_/

 :: Spring Boot ::                (v3.4.3)

2026-01-10T18:49:43.050Z  INFO 67190 --- [IlpTutorial_1] [           main] u.a.e.a.c.i.ServiceControllerTests       : Starting ServiceControllerTests using Java 21.0.9 with PID 67190 (started by glen in /Users/glen/Desktop/ILP_CW1)
2026-01-10T18:49:43.051Z  INFO 67190 --- [IlpTutorial_1] [           main] u.a.e.a.c.i.ServiceControllerTests       : No active profile set, falling back to 1 default profile: "default"
2026-01-10T18:49:44.600Z  INFO 67190 --- [IlpTutorial_1] [           main] o.s.b.t.m.w.SpringBootMockServletContext : Initializing Spring TestDispatcherServlet ''
2026-01-10T18:49:44.601Z  INFO 67190 --- [IlpTutorial_1] [           main] o.s.t.web.servlet.TestDispatcherServlet  : Initializing Servlet ''
2026-01-10T18:49:44.606Z  INFO 67190 --- [IlpTutorial_1] [           main] o.s.b.a.e.web.EndpointLinksResolver      : Exposing 3 endpoints beneath base path '/actuator'
2026-01-10T18:49:44.614Z  INFO 67190 --- [IlpTutorial_1] [           main] o.s.t.web.servlet.TestDispatcherServlet  : Completed initialization in 13 ms
2026-01-10T18:49:44.685Z  INFO 67190 --- [IlpTutorial_1] [           main] u.a.e.a.c.i.ServiceControllerTests       : Started ServiceControllerTests in 1.825 seconds (process running for 3.854)
2026-01-10T18:49:44.814Z  WARN 67190 --- [IlpTutorial_1] [           main] u.a.e.a.c.controller.ServiceController   : angle : angle cannot be null
]]></system-out>
  </testcase>
  <testcase name="testNextPosition_nullStart" classname="uk.ac.ed.acp.cw1.integration.ServiceControllerTests" time="0.004">
    <system-out><![CDATA[2026-01-10T18:49:44.834Z  WARN 67190 --- [IlpTutorial_1] [           main] .w.s.m.s.DefaultHandlerExceptionResolver : Resolved [org.springframework.http.converter.HttpMessageNotReadableException: JSON parse error: Unexpected character ('"' (code 34)): was expecting comma to separate Object entries]
]]></system-out>
  </testcase>
  <testcase name="testDistanceTo_missingLatitudePosition1" classname="uk.ac.ed.acp.cw1.integration.ServiceControllerTests" time="0.005">
    <system-out><![CDATA[2026-01-10T18:49:44.839Z  WARN 67190 --- [IlpTutorial_1] [           main] u.a.e.a.c.controller.ServiceController   : position1.lat : Latitude cannot be null
]]></system-out>
  </testcase>
  <testcase name="testDistanceTo_missingLatitudePosition2" classname="uk.ac.ed.acp.cw1.integration.ServiceControllerTests" time="0.003">
    <system-out><![CDATA[2026-01-10T18:49:44.842Z  WARN 67190 --- [IlpTutorial_1] [           main] u.a.e.a.c.controller.ServiceController   : position2.lat : Latitude cannot be null
]]></system-out>
  </testcase>
  <testcase name="testDistanceTo_missingLongitudePosition1" classname="uk.ac.ed.acp.cw1.integration.ServiceControllerTests" time="0.003">
    <system-out><![CDATA[2026-01-10T18:49:44.845Z  WARN 67190 --- [IlpTutorial_1] [           main] u.a.e.a.c.controller.ServiceController   : position1.lng : Longitude cannot be null
]]></system-out>
  </testcase>
  <testcase name="testDistanceTo_missingLongitudePosition2" classname="uk.ac.ed.acp.cw1.integration.ServiceControllerTests" time="0.002">
    <system-out><![CDATA[2026-01-10T18:49:44.847Z  WARN 67190 --- [IlpTutorial_1] [           main] u.a.e.a.c.controller.ServiceController   : position2.lng : Longitude cannot be null
]]></system-out>
  </testcase>
  <testcase name="testNextPosition_missingLongitude" classname="uk.ac.ed.acp.cw1.integration.ServiceControllerTests" time="0.002">
    <system-out><![CDATA[2026-01-10T18:49:44.849Z  WARN 67190 --- [IlpTutorial_1] [           main] .w.s.m.s.DefaultHandlerExceptionResolver : Resolved [org.springframework.http.converter.HttpMessageNotReadableException: JSON parse error: Unexpected character ('a' (code 97)): was expecting double-quote to start field name]
]]></system-out>
  </testcase>
  <testcase name="testQueryPost_lessThanOperator_returnsCorrectDrones" classname="uk.ac.ed.acp.cw1.integration.ServiceControllerTests" time="0.331"/>
  <testcase name="testNextPosition_extraField" classname="uk.ac.ed.acp.cw1.integration.ServiceControllerTests" time="0.043"/>
  <testcase name="testDistanceTo_missingPosition1" classname="uk.ac.ed.acp.cw1.integration.ServiceControllerTests" time="0.002">
    <system-out><![CDATA[2026-01-10T18:49:45.226Z  WARN 67190 --- [IlpTutorial_1] [           main] u.a.e.a.c.controller.ServiceController   : position1 : position1 cannot be null
]]></system-out>
  </testcase>
  <testcase name="testDistanceTo_missingPosition2" classname="uk.ac.ed.acp.cw1.integration.ServiceControllerTests" time="0.002">
    <system-out><![CDATA[2026-01-10T18:49:45.229Z  WARN 67190 --- [IlpTutorial_1] [           main] u.a.e.a.c.controller.ServiceController   : position2 : position2 cannot be null
]]></system-out>
  </testcase>
  <testcase name="testCalcDeliveryPath_simpleCase_returnsValidDeliveryPath" classname="uk.ac.ed.acp.cw1.integration.ServiceControllerTests" time="0.113"/>
  <testcase name="testNextPosition_90Angle" classname="uk.ac.ed.acp.cw1.integration.ServiceControllerTests" time="0.003"/>
  <testcase name="testIsInRegion_insideRegion" classname="uk.ac.ed.acp.cw1.integration.ServiceControllerTests" time="0.024"/>
  <testcase name="testCalcDeliveryPath_multipleDrones_returnsMultiplePaths" classname="uk.ac.ed.acp.cw1.integration.ServiceControllerTests" time="0.104"/>
  <testcase name="testQueryAvailableDrones_simpleOrder_returnsAvailableDrones" classname="uk.ac.ed.acp.cw1.integration.ServiceControllerTests" time="0.082"/>
  <testcase name="testQueryAvailableDrones_withCoolingRequirement_returnsOnlyDronesWithCooling" classname="uk.ac.ed.acp.cw1.integration.ServiceControllerTests" time="0.072"/>
  <testcase name="testIsCloseTo_differentPosition" classname="uk.ac.ed.acp.cw1.integration.ServiceControllerTests" time="0.004"/>
  <testcase name="testIsInRegion_justInsideRegionBorder" classname="uk.ac.ed.acp.cw1.integration.ServiceControllerTests" time="0.003"/>
  <testcase name="testNextPosition_misspeltLatitude" classname="uk.ac.ed.acp.cw1.integration.ServiceControllerTests" time="0.002">
    <system-out><![CDATA[2026-01-10T18:49:45.638Z  WARN 67190 --- [IlpTutorial_1] [           main] u.a.e.a.c.controller.ServiceController   : start : start position cannot be null
]]></system-out>
  </testcase>
  <testcase name="testUID" classname="uk.ac.ed.acp.cw1.integration.ServiceControllerTests" time="0.003"/>
  <testcase name="testIsCloseTo_missingLatitudePosition1" classname="uk.ac.ed.acp.cw1.integration.ServiceControllerTests" time="0.002">
    <system-out><![CDATA[2026-01-10T18:49:45.643Z  WARN 67190 --- [IlpTutorial_1] [           main] u.a.e.a.c.controller.ServiceController   : position1.lat : Latitude cannot be null
]]></system-out>
  </testcase>
  <testcase name="testIsCloseTo_missingLatitudePosition2" classname="uk.ac.ed.acp.cw1.integration.ServiceControllerTests" time="0.002">
    <system-out><![CDATA[2026-01-10T18:49:45.645Z  WARN 67190 --- [IlpTutorial_1] [           main] u.a.e.a.c.controller.ServiceController   : position2.lat : Latitude cannot be null
]]></system-out>
  </testcase>
  <testcase name="testCalcDeliveryPath_responseStructure_containsCostAndMoves" classname="uk.ac.ed.acp.cw1.integration.ServiceControllerTests" time="0.106"/>
  <testcase name="testIsCloseTo_withinEdgePosition" classname="uk.ac.ed.acp.cw1.integration.ServiceControllerTests" time="0.002"/>
  <testcase name="testIsCloseTo_nullLongitudePosition1" classname="uk.ac.ed.acp.cw1.integration.ServiceControllerTests" time="0.001">
    <system-out><![CDATA[2026-01-10T18:49:45.757Z  WARN 67190 --- [IlpTutorial_1] [           main] u.a.e.a.c.controller.ServiceController   : position1.lng : Longitude cannot be null
]]></system-out>
  </testcase>
  <testcase name="testQueryPost_multipleConditions_returnsMatchingDrones" classname="uk.ac.ed.acp.cw1.integration.ServiceControllerTests" time="0.028"/>
  <testcase name="testIsCloseTo_missingPosition1" classname="uk.ac.ed.acp.cw1.integration.ServiceControllerTests" time="0.002">
    <system-out><![CDATA[2026-01-10T18:49:45.787Z  WARN 67190 --- [IlpTutorial_1] [           main] u.a.e.a.c.controller.ServiceController   : position1 : position1 cannot be null
]]></system-out>
  </testcase>
  <testcase name="testIsCloseTo_missingPosition2" classname="uk.ac.ed.acp.cw1.integration.ServiceControllerTests" time="0.001">
    <system-out><![CDATA[2026-01-10T18:49:45.788Z  WARN 67190 --- [IlpTutorial_1] [           main] u.a.e.a.c.controller.ServiceController   : position2 : position2 cannot be null
]]></system-out>
  </testcase>
  <testcase name="testGetDronesWithCooling_false_returnsListOfDronesWithoutCooling" classname="uk.ac.ed.acp.cw1.integration.ServiceControllerTests" time="0.027"/>
  <testcase name="testIsCloseTo_nullPosition" classname="uk.ac.ed.acp.cw1.integration.ServiceControllerTests" time="0.003">
    <system-out><![CDATA[2026-01-10T18:49:45.818Z  WARN 67190 --- [IlpTutorial_1] [           main] u.a.e.a.c.controller.ServiceController   : position1 : position1 cannot be null
]]></system-out>
  </testcase>
  <testcase name="testQueryAsPath_capacity_returnsMatchingDrones" classname="uk.ac.ed.acp.cw1.integration.ServiceControllerTests" time="0.027"/>
  <testcase name="testIsInRegion_openPolygon" classname="uk.ac.ed.acp.cw1.integration.ServiceControllerTests" time="0.002">
    <system-out><![CDATA[2026-01-10T18:49:45.848Z  WARN 67190 --- [IlpTutorial_1] [           main] u.a.e.a.c.controller.ServiceController   : region.vertices : First and last vertices must be equal to form a closed polygon
]]></system-out>
  </testcase>
  <testcase name="testIsCloseTo_onEdgePosition" classname="uk.ac.ed.acp.cw1.integration.ServiceControllerTests" time="0.002"/>
  <testcase name="testIsInRegion_missingRegion" classname="uk.ac.ed.acp.cw1.integration.ServiceControllerTests" time="0.002">
    <system-out><![CDATA[2026-01-10T18:49:45.853Z  WARN 67190 --- [IlpTutorial_1] [           main] u.a.e.a.c.controller.ServiceController   : region : region cannot be null
]]></system-out>
  </testcase>
  <testcase name="testNextPosition_misspeltAngle" classname="uk.ac.ed.acp.cw1.integration.ServiceControllerTests" time="0.002">
    <system-out><![CDATA[2026-01-10T18:49:45.855Z  WARN 67190 --- [IlpTutorial_1] [           main] u.a.e.a.c.controller.ServiceController   : start : start position cannot be null
2026-01-10T18:49:45.855Z  WARN 67190 --- [IlpTutorial_1] [           main] u.a.e.a.c.controller.ServiceController   : angle : angle cannot be null
]]></system-out>
  </testcase>
  <testcase name="testNextPosition_misspeltStart" classname="uk.ac.ed.acp.cw1.integration.ServiceControllerTests" time="0.002">
    <system-out><![CDATA[2026-01-10T18:49:45.857Z  WARN 67190 --- [IlpTutorial_1] [           main] u.a.e.a.c.controller.ServiceController   : start : start position cannot be null
]]></system-out>
  </testcase>
  <testcase name="testQueryAvailableDrones_invalidTime_returnsBadRequest" classname="uk.ac.ed.acp.cw1.integration.ServiceControllerTests" time="0.003">
    <system-out><![CDATA[2026-01-10T18:49:45.860Z  WARN 67190 --- [IlpTutorial_1] [           main] .w.s.m.s.DefaultHandlerExceptionResolver : Resolved [org.springframework.http.converter.HttpMessageNotReadableException: JSON parse error: Cannot deserialize value of type `java.time.LocalTime` from String "25:99": Failed to deserialize java.time.LocalTime: (java.time.format.DateTimeParseException) Text '25:99' could not be parsed: Invalid value for MinuteOfHour (valid values 0 - 59): 99]
]]></system-out>
  </testcase>
  <testcase name="testIsCloseTo_outsideEdgePosition" classname="uk.ac.ed.acp.cw1.integration.ServiceControllerTests" time="0.002"/>
  <testcase name="testNextPosition_invalidAngle" classname="uk.ac.ed.acp.cw1.integration.ServiceControllerTests" time="0.002">
    <system-out><![CDATA[2026-01-10T18:49:45.864Z  WARN 67190 --- [IlpTutorial_1] [           main] u.a.e.a.c.controller.ServiceController   : angle : Angle must be a multiple of valid step
]]></system-out>
  </testcase>
  <testcase name="testNextPosition_misspeltLongitude" classname="uk.ac.ed.acp.cw1.integration.ServiceControllerTests" time="0.002">
    <system-out><![CDATA[2026-01-10T18:49:45.866Z  WARN 67190 --- [IlpTutorial_1] [           main] u.a.e.a.c.controller.ServiceController   : start : start position cannot be null
]]></system-out>
  </testcase>
  <testcase name="testDistanceTo_samePosition" classname="uk.ac.ed.acp.cw1.integration.ServiceControllerTests" time="0.002"/>
  <testcase name="testGetDronesWithCooling_true_returnsListOfDronesWithCooling" classname="uk.ac.ed.acp.cw1.integration.ServiceControllerTests" time="0.026"/>
  <testcase name="testQueryAsPath_cooling_returnsMatchingDrones" classname="uk.ac.ed.acp.cw1.integration.ServiceControllerTests" time="0.026"/>
  <testcase name="testNextPosition_nullLongitude" classname="uk.ac.ed.acp.cw1.integration.ServiceControllerTests" time="0.002">
    <system-out><![CDATA[2026-01-10T18:49:45.923Z  WARN 67190 --- [IlpTutorial_1] [           main] u.a.e.a.c.controller.ServiceController   : start.lng : Longitude cannot be null
]]></system-out>
  </testcase>
  <testcase name="testNextPosition_180Angle" classname="uk.ac.ed.acp.cw1.integration.ServiceControllerTests" time="0.002"/>
  <testcase name="testQueryPost_emptyArray_returnsAllDrones" classname="uk.ac.ed.acp.cw1.integration.ServiceControllerTests" time="0.026"/>
  <testcase name="testQueryAvailableDrones_multipleOrders_allMustMatch" classname="uk.ac.ed.acp.cw1.integration.ServiceControllerTests" time="0.075"/>
  <testcase name="testIsCloseTo_nullLatitudePosition1" classname="uk.ac.ed.acp.cw1.integration.ServiceControllerTests" time="0.002">
    <system-out><![CDATA[2026-01-10T18:49:46.030Z  WARN 67190 --- [IlpTutorial_1] [           main] u.a.e.a.c.controller.ServiceController   : position1.lat : Latitude cannot be null
]]></system-out>
  </testcase>
  <testcase name="testIsInRegion_missingPosition" classname="uk.ac.ed.acp.cw1.integration.ServiceControllerTests" time="0.002">
    <system-out><![CDATA[2026-01-10T18:49:46.032Z  WARN 67190 --- [IlpTutorial_1] [           main] u.a.e.a.c.controller.ServiceController   : position : position cannot be null
]]></system-out>
  </testcase>
  <testcase name="testIsInRegion_emptyVertices" classname="uk.ac.ed.acp.cw1.integration.ServiceControllerTests" time="0.007">
    <system-out><![CDATA[2026-01-10T18:49:46.039Z  WARN 67190 --- [IlpTutorial_1] [           main] u.a.e.a.c.controller.ServiceController   : region.vertices : size must be between 4 and 2147483647
]]></system-out>
  </testcase>
  <testcase name="testNextPosition_missingLatitude" classname="uk.ac.ed.acp.cw1.integration.ServiceControllerTests" time="0.002">
    <system-out><![CDATA[2026-01-10T18:49:46.041Z  WARN 67190 --- [IlpTutorial_1] [           main] .w.s.m.s.DefaultHandlerExceptionResolver : Resolved [org.springframework.http.converter.HttpMessageNotReadableException: JSON parse error: Unexpected character ('a' (code 97)): was expecting double-quote to start field name]
]]></system-out>
  </testcase>
  <testcase name="testQueryPost_singleCondition_returnsMatchingDrones" classname="uk.ac.ed.acp.cw1.integration.ServiceControllerTests" time="0.026"/>
  <testcase name="testNextPosition_270Angle" classname="uk.ac.ed.acp.cw1.integration.ServiceControllerTests" time="0.002"/>
  <testcase name="testDistanceTo_differentPosition" classname="uk.ac.ed.acp.cw1.integration.ServiceControllerTests" time="0.002"/>
  <testcase name="testQueryPost_invalidAttribute_returnsEmptyList" classname="uk.ac.ed.acp.cw1.integration.ServiceControllerTests" time="0.026"/>
  <testcase name="testQueryAsPath_maxMoves_returnsMatchingDrones" classname="uk.ac.ed.acp.cw1.integration.ServiceControllerTests" time="0.024"/>
  <testcase name="testIsInRegion_outsideRegion" classname="uk.ac.ed.acp.cw1.integration.ServiceControllerTests" time="0.002"/>
  <testcase name="testIsInRegion_onRegionBorder" classname="uk.ac.ed.acp.cw1.integration.ServiceControllerTests" time="0.001"/>
  <testcase name="testIsCloseTo_samePosition" classname="uk.ac.ed.acp.cw1.integration.ServiceControllerTests" time="0.001"/>
  <testcase name="testIsInRegion_3Vertices" classname="uk.ac.ed.acp.cw1.integration.ServiceControllerTests" time="0.001">
    <system-out><![CDATA[2026-01-10T18:49:46.130Z  WARN 67190 --- [IlpTutorial_1] [           main] u.a.e.a.c.controller.ServiceController   : region.vertices : size must be between 4 and 2147483647
]]></system-out>
  </testcase>
  <testcase name="testIsInRegion_justOutsideRegionBorder" classname="uk.ac.ed.acp.cw1.integration.ServiceControllerTests" time="0.001"/>
  <testcase name="testQueryPost_notEqualsOperator_returnsCorrectDrones" classname="uk.ac.ed.acp.cw1.integration.ServiceControllerTests" time="0.026"/>
  <testcase name="testIsInRegion_missingName" classname="uk.ac.ed.acp.cw1.integration.ServiceControllerTests" time="0.002">
    <system-out><![CDATA[2026-01-10T18:49:46.160Z  WARN 67190 --- [IlpTutorial_1] [           main] u.a.e.a.c.controller.ServiceController   : region.name : name cannot be null
]]></system-out>
  </testcase>
  <testcase name="testQueryAvailableDrones_exceededCapacity_returnsEmptyList" classname="uk.ac.ed.acp.cw1.integration.ServiceControllerTests" time="0.094"/>
  <testcase name="testIsCloseTo_missingLongitudePosition1" classname="uk.ac.ed.acp.cw1.integration.ServiceControllerTests" time="0.002">
    <system-out><![CDATA[2026-01-10T18:49:46.256Z  WARN 67190 --- [IlpTutorial_1] [           main] u.a.e.a.c.controller.ServiceController   : position1.lng : Longitude cannot be null
]]></system-out>
  </testcase>
  <testcase name="testIsCloseTo_missingLongitudePosition2" classname="uk.ac.ed.acp.cw1.integration.ServiceControllerTests" time="0.001">
    <system-out><![CDATA[2026-01-10T18:49:46.258Z  WARN 67190 --- [IlpTutorial_1] [           main] u.a.e.a.c.controller.ServiceController   : position2.lng : Longitude cannot be null
]]></system-out>
  </testcase>
  <testcase name="testNextPosition_360Angle" classname="uk.ac.ed.acp.cw1.integration.ServiceControllerTests" time="0.001"/>
  <testcase name="testGetDroneDetails_invalidId_returns404" classname="uk.ac.ed.acp.cw1.integration.ServiceControllerTests" time="0.026"/>
  <testcase name="testGetDronesWithCooling_invalidValue_returnsBadRequest" classname="uk.ac.ed.acp.cw1.integration.ServiceControllerTests" time="0.004">
    <system-out><![CDATA[2026-01-10T18:49:46.291Z  WARN 67190 --- [IlpTutorial_1] [           main] .w.s.m.s.DefaultHandlerExceptionResolver : Resolved [org.springframework.web.method.annotation.MethodArgumentTypeMismatchException: Method parameter 'state': Failed to convert value of type 'java.lang.String' to required type 'boolean'; Invalid boolean value [maybe]]
]]></system-out>
  </testcase>
  <testcase name="testQueryAsPath_invalidAttribute_returnsEmptyList" classname="uk.ac.ed.acp.cw1.integration.ServiceControllerTests" time="0.026"/>
  <testcase name="testNextPosition_negativeInvalidAngle" classname="uk.ac.ed.acp.cw1.integration.ServiceControllerTests" time="0.002">
    <system-out><![CDATA[2026-01-10T18:49:46.320Z  WARN 67190 --- [IlpTutorial_1] [           main] u.a.e.a.c.controller.ServiceController   : angle : must be between 0 and 360
2026-01-10T18:49:46.320Z  WARN 67190 --- [IlpTutorial_1] [           main] u.a.e.a.c.controller.ServiceController   : angle : Angle must be a multiple of valid step
]]></system-out>
  </testcase>
  <testcase name="testQueryAvailableDrones_invalidDate_returnsBadRequest" classname="uk.ac.ed.acp.cw1.integration.ServiceControllerTests" time="0.001">
    <system-out><![CDATA[2026-01-10T18:49:46.321Z  WARN 67190 --- [IlpTutorial_1] [           main] .w.s.m.s.DefaultHandlerExceptionResolver : Resolved [org.springframework.http.converter.HttpMessageNotReadableException: JSON parse error: Cannot deserialize value of type `java.time.LocalDate` from String "invalid-date": Failed to deserialize java.time.LocalDate: (java.time.format.DateTimeParseException) Text 'invalid-date' could not be parsed at index 0]
]]></system-out>
  </testcase>
  <testcase name="testIsInRegion_missingVertices" classname="uk.ac.ed.acp.cw1.integration.ServiceControllerTests" time="0.001">
    <system-out><![CDATA[2026-01-10T18:49:46.323Z  WARN 67190 --- [IlpTutorial_1] [           main] u.a.e.a.c.controller.ServiceController   : region.vertices : vertices cannot be null
]]></system-out>
  </testcase>
  <testcase name="testNextPosition_nullLatitude" classname="uk.ac.ed.acp.cw1.integration.ServiceControllerTests" time="0.001">
    <system-out><![CDATA[2026-01-10T18:49:46.324Z  WARN 67190 --- [IlpTutorial_1] [           main] u.a.e.a.c.controller.ServiceController   : start.lat : Latitude cannot be null
]]></system-out>
  </testcase>
  <testcase name="testNextPosition_negative270Angle" classname="uk.ac.ed.acp.cw1.integration.ServiceControllerTests" time="0.001">
    <system-out><![CDATA[2026-01-10T18:49:46.325Z  WARN 67190 --- [IlpTutorial_1] [           main] u.a.e.a.c.controller.ServiceController   : angle : must be between 0 and 360
]]></system-out>
  </testcase>
  <testcase name="testCalcDeliveryPathAsGeoJson_simpleCase_returnsValidGeoJson" classname="uk.ac.ed.acp.cw1.integration.ServiceControllerTests" time="0.099"/>
  <testcase name="testGetDroneDetails_validId_returnsDroneObject" classname="uk.ac.ed.acp.cw1.integration.ServiceControllerTests" time="0.032"/>
  <testcase name="testNextPosition_0Angle" classname="uk.ac.ed.acp.cw1.integration.ServiceControllerTests" time="0.002"/>
  <testcase name="testGetDroneDetails_zeroId_returns404" classname="uk.ac.ed.acp.cw1.integration.ServiceControllerTests" time="0.025"/>
  <testcase name="testNextPosition_missingAngle" classname="uk.ac.ed.acp.cw1.integration.ServiceControllerTests" time="0.002">
    <system-out><![CDATA[2026-01-10T18:49:46.486Z  WARN 67190 --- [IlpTutorial_1] [           main] u.a.e.a.c.controller.ServiceController   : angle : angle cannot be null
]]></system-out>
  </testcase>
  <testcase name="testNextPosition_missingStart" classname="uk.ac.ed.acp.cw1.integration.ServiceControllerTests" time="0.001">
    <system-out><![CDATA[2026-01-10T18:49:46.488Z  WARN 67190 --- [IlpTutorial_1] [           main] u.a.e.a.c.controller.ServiceController   : start : start position cannot be null
]]></system-out>
  </testcase>
  <testcase name="testCalcDeliveryPath_extraFields_shouldIgnore" classname="uk.ac.ed.acp.cw1.integration.ServiceControllerTests" time="0.1"/>
  <testcase name="testNextPosition_450Angle" classname="uk.ac.ed.acp.cw1.integration.ServiceControllerTests" time="0.003">
    <system-out><![CDATA[2026-01-10T18:49:46.591Z  WARN 67190 --- [IlpTutorial_1] [           main] u.a.e.a.c.controller.ServiceController   : angle : must be between 0 and 360
]]></system-out>
  </testcase>
</testsuite>